<?xml version="1.0" encoding="UTF-8"?>
<testng-results ignored="0" total="1" passed="1" failed="0" skipped="0">
  <reporter-output>
  </reporter-output>
  <suite started-at="2025-09-10T18:17:28 IST" name="Default suite" finished-at="2025-09-10T18:17:56 IST" duration-ms="27961">
    <groups>
    </groups>
    <test started-at="2025-09-10T18:17:28 IST" name="Default test" finished-at="2025-09-10T18:17:56 IST" duration-ms="27961">
      <class name="assignment.MainClass">
        <test-method is-config="true" signature="setupClass()[pri:0, instance:assignment.MainClass@49e53c76]" started-at="2025-09-10T18:17:28 IST" name="setupClass" finished-at="2025-09-10T18:17:39 IST" duration-ms="10853" status="PASS">
          <reporter-output>
          </reporter-output>
        </test-method> <!-- setupClass -->
        <test-method is-config="true" signature="setupTest()[pri:0, instance:assignment.MainClass@49e53c76]" started-at="2025-09-10T18:17:39 IST" name="setupTest" finished-at="2025-09-10T18:17:45 IST" duration-ms="6083" status="PASS">
          <reporter-output>
          </reporter-output>
        </test-method> <!-- setupTest -->
        <test-method signature="testPageTitle()[pri:0, instance:assignment.MainClass@49e53c76]" started-at="2025-09-10T18:17:45 IST" name="testPageTitle" finished-at="2025-09-10T18:17:55 IST" duration-ms="10574" status="PASS">
          <reporter-output>
          </reporter-output>
        </test-method> <!-- testPageTitle -->
        <test-method is-config="true" signature="tearDownTest()[pri:0, instance:assignment.MainClass@49e53c76]" started-at="2025-09-10T18:17:55 IST" name="tearDownTest" finished-at="2025-09-10T18:17:55 IST" duration-ms="83" status="PASS">
          <reporter-output>
          </reporter-output>
        </test-method> <!-- tearDownTest -->
        <test-method is-config="true" signature="tearDownClass()[pri:0, instance:assignment.MainClass@49e53c76]" started-at="2025-09-10T18:17:55 IST" name="tearDownClass" finished-at="2025-09-10T18:17:56 IST" duration-ms="301" status="PASS">
          <reporter-output>
          </reporter-output>
        </test-method> <!-- tearDownClass -->
      </class> <!-- assignment.MainClass -->
    </test> <!-- Default test -->
  </suite> <!-- Default suite -->
</testng-results>
